0 info it worked if it ends with ok
1 verbose cli [ 'node', '/usr/local/bin/npm', 'install', 'device-inquiry' ]
2 info using npm@2.5.1
3 info using node@v0.12.0
4 warn package.json http@0.0.0 http is also the name of a node core module.
5 warn package.json http@0.0.0 No description
6 warn package.json http@0.0.0 No repository field.
7 warn package.json http@0.0.0 No README data
8 warn package.json karma-phantomjs-launcher@0.1.4 No README data
9 warn package.json url@0.10.3 url is also the name of a node core module.
10 silly cache add args [ 'device-inquiry', null ]
11 verbose cache add spec device-inquiry
12 silly cache add parsed spec { raw: 'device-inquiry',
12 silly cache add   scope: null,
12 silly cache add   name: 'device-inquiry',
12 silly cache add   rawSpec: '',
12 silly cache add   spec: '*',
12 silly cache add   type: 'range' }
13 verbose addNamed device-inquiry@*
14 silly addNamed semver.valid null
15 silly addNamed semver.validRange *
16 silly addNameRange { name: 'device-inquiry', range: '*', hasData: false }
17 silly mapToRegistry name device-inquiry
18 silly mapToRegistry using default registry
19 silly mapToRegistry registry https://registry.npmjs.org/
20 silly mapToRegistry uri https://registry.npmjs.org/device-inquiry
21 verbose addNameRange registry:https://registry.npmjs.org/device-inquiry not in flight; fetching
22 verbose request uri https://registry.npmjs.org/device-inquiry
23 verbose request no auth needed
24 info attempt registry request try #1 at 22:28:07
25 verbose request id 9f607335e67dc908
26 http request GET https://registry.npmjs.org/device-inquiry
27 http 404 https://registry.npmjs.org/device-inquiry
28 verbose headers { date: 'Fri, 27 Feb 2015 21:28:07 GMT',
28 verbose headers   server: 'CouchDB/1.5.0 (Erlang OTP/R16B03)',
28 verbose headers   'content-type': 'application/json',
28 verbose headers   'cache-control': 'max-age=0',
28 verbose headers   'content-length': '52',
28 verbose headers   'accept-ranges': 'bytes',
28 verbose headers   via: '1.1 varnish',
28 verbose headers   age: '0',
28 verbose headers   'x-served-by': 'cache-fra1228-FRA',
28 verbose headers   'x-cache': 'MISS',
28 verbose headers   'x-cache-hits': '0',
28 verbose headers   'x-timer': 'S1425072487.464891,VS0,VE105',
28 verbose headers   'keep-alive': 'timeout=10, max=50',
28 verbose headers   connection: 'Keep-Alive' }
29 silly get cb [ 404,
29 silly get   { date: 'Fri, 27 Feb 2015 21:28:07 GMT',
29 silly get     server: 'CouchDB/1.5.0 (Erlang OTP/R16B03)',
29 silly get     'content-type': 'application/json',
29 silly get     'cache-control': 'max-age=0',
29 silly get     'content-length': '52',
29 silly get     'accept-ranges': 'bytes',
29 silly get     via: '1.1 varnish',
29 silly get     age: '0',
29 silly get     'x-served-by': 'cache-fra1228-FRA',
29 silly get     'x-cache': 'MISS',
29 silly get     'x-cache-hits': '0',
29 silly get     'x-timer': 'S1425072487.464891,VS0,VE105',
29 silly get     'keep-alive': 'timeout=10, max=50',
29 silly get     connection: 'Keep-Alive' } ]
30 verbose stack Error: 404 Not Found: device-inquiry
30 verbose stack     at CachingRegistryClient.<anonymous> (/usr/local/lib/node_modules/npm/node_modules/npm-registry-client/lib/request.js:251:14)
30 verbose stack     at Request._callback (/usr/local/lib/node_modules/npm/node_modules/npm-registry-client/lib/request.js:178:14)
30 verbose stack     at Request.self.callback (/usr/local/lib/node_modules/npm/node_modules/request/request.js:344:22)
30 verbose stack     at Request.emit (events.js:110:17)
30 verbose stack     at Request.<anonymous> (/usr/local/lib/node_modules/npm/node_modules/request/request.js:1239:14)
30 verbose stack     at Request.emit (events.js:129:20)
30 verbose stack     at IncomingMessage.<anonymous> (/usr/local/lib/node_modules/npm/node_modules/request/request.js:1187:12)
30 verbose stack     at IncomingMessage.emit (events.js:129:20)
30 verbose stack     at _stream_readable.js:908:16
30 verbose stack     at process._tickCallback (node.js:355:11)
31 verbose statusCode 404
32 verbose pkgid device-inquiry
33 verbose cwd /Users/macbook/Documents/domo-project
34 error Darwin 14.1.0
35 error argv "node" "/usr/local/bin/npm" "install" "device-inquiry"
36 error node v0.12.0
37 error npm  v2.5.1
38 error code E404
39 error 404 Not Found: device-inquiry
39 error 404
39 error 404 'device-inquiry' is not in the npm registry.
39 error 404 You should bug the author to publish it (or use the name yourself!)
39 error 404 It was specified as a dependency of 'domoproject'
39 error 404
39 error 404 Note that you can also install from a
39 error 404 tarball, folder, http url, or git url.
40 verbose exit [ 1, true ]
